Traceback (most recent call last):
  File "/home/john/anaconda3/lib/python3.8/site-packages/jupyter_cache/executors/utils.py", line 51, in single_nb_execution
    executenb(
  File "/home/john/anaconda3/lib/python3.8/site-packages/nbclient/client.py", line 1112, in execute
    return NotebookClient(nb=nb, resources=resources, km=km, **kwargs).execute()
  File "/home/john/anaconda3/lib/python3.8/site-packages/nbclient/util.py", line 74, in wrapped
    return just_run(coro(*args, **kwargs))
  File "/home/john/anaconda3/lib/python3.8/site-packages/nbclient/util.py", line 53, in just_run
    return loop.run_until_complete(coro)
  File "/home/john/anaconda3/lib/python3.8/asyncio/base_events.py", line 616, in run_until_complete
    return future.result()
  File "/home/john/anaconda3/lib/python3.8/site-packages/nbclient/client.py", line 553, in async_execute
    await self.async_execute_cell(
  File "/home/john/anaconda3/lib/python3.8/site-packages/nbclient/client.py", line 857, in async_execute_cell
    self._check_raise_for_error(cell, exec_reply)
  File "/home/john/anaconda3/lib/python3.8/site-packages/nbclient/client.py", line 760, in _check_raise_for_error
    raise CellExecutionError.from_cell_and_msg(cell, exec_reply_content)
nbclient.exceptions.CellExecutionError: An error occurred while executing the following cell:
------------------
import numpy as np
import matplotlib.pyplot as plt

ts_length = 100

X = np.zeros(ts_length)

for t in range(ts_length):
    Z = np.random.randn()
    X[t+1] = a * X[t] + b + Z


ax.plot(X, alpha=0.7, label='$X_t$')

ax.legend()
ax.set_xlabel("time")
plt.show()

------------------

[0;31m---------------------------------------------------------------------------[0m
[0;31mNameError[0m                                 Traceback (most recent call last)
[0;32m<ipython-input-1-d5f0be4b15e7>[0m in [0;36m<module>[0;34m[0m
[1;32m      8[0m [0;32mfor[0m [0mt[0m [0;32min[0m [0mrange[0m[0;34m([0m[0mts_length[0m[0;34m)[0m[0;34m:[0m[0;34m[0m[0;34m[0m[0m
[1;32m      9[0m     [0mZ[0m [0;34m=[0m [0mnp[0m[0;34m.[0m[0mrandom[0m[0;34m.[0m[0mrandn[0m[0;34m([0m[0;34m)[0m[0;34m[0m[0;34m[0m[0m
[0;32m---> 10[0;31m     [0mX[0m[0;34m[[0m[0mt[0m[0;34m+[0m[0;36m1[0m[0;34m][0m [0;34m=[0m [0ma[0m [0;34m*[0m [0mX[0m[0;34m[[0m[0mt[0m[0;34m][0m [0;34m+[0m [0mb[0m [0;34m+[0m [0mZ[0m[0;34m[0m[0;34m[0m[0m
[0m[1;32m     11[0m [0;34m[0m[0m
[1;32m     12[0m [0;34m[0m[0m

[0;31mNameError[0m: name 'a' is not defined
NameError: name 'a' is not defined

